<?xml version="1.0" encoding="UTF-8"?>
<testsuite name="com.springboot.example.study.web.HelloControllerTest" tests="2" skipped="0" failures="0" errors="0" timestamp="2020-09-01T10:29:25" hostname="DESKTOP-0F07UEC" time="0.414">
  <properties/>
  <testcase name="hello가_리턴된다" classname="com.springboot.example.study.web.HelloControllerTest" time="0.295"/>
  <testcase name="helloDto가_리턴된다" classname="com.springboot.example.study.web.HelloControllerTest" time="0.118"/>
  <system-out><![CDATA[19:29:21.431 [Test worker] DEBUG org.springframework.test.context.junit4.SpringJUnit4ClassRunner - SpringJUnit4ClassRunner constructor called with [class com.springboot.example.study.web.HelloControllerTest]
19:29:21.441 [Test worker] DEBUG org.springframework.test.context.BootstrapUtils - Instantiating CacheAwareContextLoaderDelegate from class [org.springframework.test.context.cache.DefaultCacheAwareContextLoaderDelegate]
19:29:21.454 [Test worker] DEBUG org.springframework.test.context.BootstrapUtils - Instantiating BootstrapContext using constructor [public org.springframework.test.context.support.DefaultBootstrapContext(java.lang.Class,org.springframework.test.context.CacheAwareContextLoaderDelegate)]
19:29:21.483 [Test worker] DEBUG org.springframework.test.context.BootstrapUtils - Instantiating TestContextBootstrapper for test class [com.springboot.example.study.web.HelloControllerTest] from class [org.springframework.boot.test.autoconfigure.web.servlet.WebMvcTestContextBootstrapper]
19:29:21.510 [Test worker] INFO org.springframework.boot.test.autoconfigure.web.servlet.WebMvcTestContextBootstrapper - Neither @ContextConfiguration nor @ContextHierarchy found for test class [com.springboot.example.study.web.HelloControllerTest], using SpringBootContextLoader
19:29:21.516 [Test worker] DEBUG org.springframework.test.context.support.AbstractContextLoader - Did not detect default resource location for test class [com.springboot.example.study.web.HelloControllerTest]: class path resource [com/springboot/example/study/web/HelloControllerTest-context.xml] does not exist
19:29:21.517 [Test worker] DEBUG org.springframework.test.context.support.AbstractContextLoader - Did not detect default resource location for test class [com.springboot.example.study.web.HelloControllerTest]: class path resource [com/springboot/example/study/web/HelloControllerTestContext.groovy] does not exist
19:29:21.518 [Test worker] INFO org.springframework.test.context.support.AbstractContextLoader - Could not detect default resource locations for test class [com.springboot.example.study.web.HelloControllerTest]: no resource found for suffixes {-context.xml, Context.groovy}.
19:29:21.521 [Test worker] INFO org.springframework.test.context.support.AnnotationConfigContextLoaderUtils - Could not detect default configuration classes for test class [com.springboot.example.study.web.HelloControllerTest]: HelloControllerTest does not declare any static, non-private, non-final, nested classes annotated with @Configuration.
19:29:21.609 [Test worker] DEBUG org.springframework.test.context.support.ActiveProfilesUtils - Could not find an 'annotation declaring class' for annotation type [org.springframework.test.context.ActiveProfiles] and class [com.springboot.example.study.web.HelloControllerTest]
19:29:21.703 [Test worker] DEBUG org.springframework.context.annotation.ClassPathScanningCandidateComponentProvider - Identified candidate component class: file [C:\Users\82105\IdeaProjects\springboot-study1\build\classes\java\main\com\springboot\example\study\Application.class]
19:29:21.705 [Test worker] INFO org.springframework.boot.test.context.SpringBootTestContextBootstrapper - Found @SpringBootConfiguration com.springboot.example.study.Application for test class com.springboot.example.study.web.HelloControllerTest
19:29:21.708 [Test worker] DEBUG org.springframework.boot.test.autoconfigure.web.servlet.WebMvcTestContextBootstrapper - @TestExecutionListeners is not present for class [com.springboot.example.study.web.HelloControllerTest]: using defaults.
19:29:21.708 [Test worker] INFO org.springframework.boot.test.autoconfigure.web.servlet.WebMvcTestContextBootstrapper - Loaded default TestExecutionListener class names from location [META-INF/spring.factories]: [org.springframework.security.test.context.support.WithSecurityContextTestExecutionListener, org.springframework.security.test.context.support.ReactorContextTestExecutionListener, org.springframework.boot.test.autoconfigure.restdocs.RestDocsTestExecutionListener, org.springframework.boot.test.autoconfigure.web.client.MockRestServiceServerResetTestExecutionListener, org.springframework.boot.test.autoconfigure.web.servlet.MockMvcPrintOnlyOnFailureTestExecutionListener, org.springframework.boot.test.autoconfigure.web.servlet.WebDriverTestExecutionListener, org.springframework.boot.test.mock.mockito.MockitoTestExecutionListener, org.springframework.boot.test.mock.mockito.ResetMocksTestExecutionListener, org.springframework.test.context.web.ServletTestExecutionListener, org.springframework.test.context.support.DirtiesContextBeforeModesTestExecutionListener, org.springframework.test.context.support.DependencyInjectionTestExecutionListener, org.springframework.test.context.support.DirtiesContextTestExecutionListener, org.springframework.test.context.transaction.TransactionalTestExecutionListener, org.springframework.test.context.jdbc.SqlScriptsTestExecutionListener]
19:29:21.734 [Test worker] INFO org.springframework.boot.test.autoconfigure.web.servlet.WebMvcTestContextBootstrapper - Using TestExecutionListeners: [org.springframework.test.context.web.ServletTestExecutionListener@3c2ba37c, org.springframework.test.context.support.DirtiesContextBeforeModesTestExecutionListener@2fe6923e, org.springframework.boot.test.mock.mockito.MockitoTestExecutionListener@279cf63d, org.springframework.boot.test.autoconfigure.SpringBootDependencyInjectionTestExecutionListener@48fb2ee6, org.springframework.test.context.support.DirtiesContextTestExecutionListener@29aa54c6, org.springframework.test.context.transaction.TransactionalTestExecutionListener@324644af, org.springframework.test.context.jdbc.SqlScriptsTestExecutionListener@72ab61c4, org.springframework.security.test.context.support.WithSecurityContextTestExecutionListener@63b6fd69, org.springframework.security.test.context.support.ReactorContextTestExecutionListener@18c189bd, org.springframework.boot.test.autoconfigure.restdocs.RestDocsTestExecutionListener@1822c536, org.springframework.boot.test.autoconfigure.web.client.MockRestServiceServerResetTestExecutionListener@31ae22b7, org.springframework.boot.test.autoconfigure.web.servlet.MockMvcPrintOnlyOnFailureTestExecutionListener@65a7cc5e, org.springframework.boot.test.autoconfigure.web.servlet.WebDriverTestExecutionListener@71bf2d36, org.springframework.boot.test.mock.mockito.ResetMocksTestExecutionListener@7fba4d42]
19:29:21.738 [Test worker] DEBUG org.springframework.test.annotation.ProfileValueUtils - Retrieved @ProfileValueSourceConfiguration [null] for test class [com.springboot.example.study.web.HelloControllerTest]
19:29:21.738 [Test worker] DEBUG org.springframework.test.annotation.ProfileValueUtils - Retrieved ProfileValueSource type [class org.springframework.test.annotation.SystemProfileValueSource] for class [com.springboot.example.study.web.HelloControllerTest]
19:29:21.739 [Test worker] DEBUG org.springframework.test.annotation.ProfileValueUtils - Retrieved @ProfileValueSourceConfiguration [null] for test class [com.springboot.example.study.web.HelloControllerTest]
19:29:21.739 [Test worker] DEBUG org.springframework.test.annotation.ProfileValueUtils - Retrieved ProfileValueSource type [class org.springframework.test.annotation.SystemProfileValueSource] for class [com.springboot.example.study.web.HelloControllerTest]
19:29:21.745 [Test worker] DEBUG org.springframework.test.context.support.AbstractDirtiesContextTestExecutionListener - Before test class: context [DefaultTestContext@7b0dd78a testClass = HelloControllerTest, testInstance = [null], testMethod = [null], testException = [null], mergedContextConfiguration = [WebMergedContextConfiguration@4225b9a8 testClass = HelloControllerTest, locations = '{}', classes = '{class com.springboot.example.study.Application}', contextInitializerClasses = '[]', activeProfiles = '{}', propertySourceLocations = '{}', propertySourceProperties = '{org.springframework.boot.test.autoconfigure.web.servlet.WebMvcTestContextBootstrapper=true}', contextCustomizers = set[org.springframework.boot.test.autoconfigure.OverrideAutoConfigurationContextCustomizerFactory$DisableAutoConfigurationContextCustomizer@7050f2d, org.springframework.boot.test.autoconfigure.filter.TypeExcludeFiltersContextCustomizer@319c74fc, org.springframework.boot.test.autoconfigure.properties.PropertyMappingContextCustomizer@a74f8b58, org.springframework.boot.test.autoconfigure.web.servlet.WebDriverContextCustomizerFactory$Customizer@5758722c, [ImportsContextCustomizer@331dc4df key = [org.springframework.boot.autoconfigure.cache.CacheAutoConfiguration, org.springframework.boot.autoconfigure.context.MessageSourceAutoConfiguration, org.springframework.boot.autoconfigure.data.web.SpringDataWebAutoConfiguration, org.springframework.boot.autoconfigure.freemarker.FreeMarkerAutoConfiguration, org.springframework.boot.autoconfigure.groovy.template.GroovyTemplateAutoConfiguration, org.springframework.boot.autoconfigure.gson.GsonAutoConfiguration, org.springframework.boot.autoconfigure.hateoas.HypermediaAutoConfiguration, org.springframework.boot.autoconfigure.http.HttpMessageConvertersAutoConfiguration, org.springframework.boot.autoconfigure.jackson.JacksonAutoConfiguration, org.springframework.boot.autoconfigure.jsonb.JsonbAutoConfiguration, org.springframework.boot.autoconfigure.mustache.MustacheAutoConfiguration, org.springframework.boot.autoconfigure.task.TaskExecutionAutoConfiguration, org.springframework.boot.autoconfigure.thymeleaf.ThymeleafAutoConfiguration, org.springframework.boot.autoconfigure.validation.ValidationAutoConfiguration, org.springframework.boot.autoconfigure.web.servlet.error.ErrorMvcAutoConfiguration, org.springframework.boot.autoconfigure.web.servlet.WebMvcAutoConfiguration, org.springframework.boot.test.autoconfigure.web.servlet.MockMvcAutoConfiguration, org.springframework.boot.test.autoconfigure.web.servlet.MockMvcSecurityAutoConfiguration, org.springframework.boot.test.autoconfigure.web.servlet.MockMvcWebClientAutoConfiguration, org.springframework.boot.test.autoconfigure.web.servlet.MockMvcWebDriverAutoConfiguration]], org.springframework.boot.test.context.filter.ExcludeFilterContextCustomizer@6c96c2c1, org.springframework.boot.test.json.DuplicateJsonObjectContextCustomizerFactory$DuplicateJsonObjectContextCustomizer@1fa70910, org.springframework.boot.test.mock.mockito.MockitoContextCustomizer@0], resourceBasePath = 'src/main/webapp', contextLoader = 'org.springframework.boot.test.context.SpringBootContextLoader', parent = [null]], attributes = map[[empty]]], class annotated with @DirtiesContext [false] with mode [null].
19:29:21.746 [Test worker] DEBUG org.springframework.test.annotation.ProfileValueUtils - Retrieved @ProfileValueSourceConfiguration [null] for test class [com.springboot.example.study.web.HelloControllerTest]
19:29:21.746 [Test worker] DEBUG org.springframework.test.annotation.ProfileValueUtils - Retrieved ProfileValueSource type [class org.springframework.test.annotation.SystemProfileValueSource] for class [com.springboot.example.study.web.HelloControllerTest]
19:29:21.751 [Test worker] DEBUG org.springframework.test.context.support.DependencyInjectionTestExecutionListener - Performing dependency injection for test context [[DefaultTestContext@7b0dd78a testClass = HelloControllerTest, testInstance = com.springboot.example.study.web.HelloControllerTest@603c, testMethod = [null], testException = [null], mergedContextConfiguration = [WebMergedContextConfiguration@4225b9a8 testClass = HelloControllerTest, locations = '{}', classes = '{class com.springboot.example.study.Application}', contextInitializerClasses = '[]', activeProfiles = '{}', propertySourceLocations = '{}', propertySourceProperties = '{org.springframework.boot.test.autoconfigure.web.servlet.WebMvcTestContextBootstrapper=true}', contextCustomizers = set[org.springframework.boot.test.autoconfigure.OverrideAutoConfigurationContextCustomizerFactory$DisableAutoConfigurationContextCustomizer@7050f2d, org.springframework.boot.test.autoconfigure.filter.TypeExcludeFiltersContextCustomizer@319c74fc, org.springframework.boot.test.autoconfigure.properties.PropertyMappingContextCustomizer@a74f8b58, org.springframework.boot.test.autoconfigure.web.servlet.WebDriverContextCustomizerFactory$Customizer@5758722c, [ImportsContextCustomizer@331dc4df key = [org.springframework.boot.autoconfigure.cache.CacheAutoConfiguration, org.springframework.boot.autoconfigure.context.MessageSourceAutoConfiguration, org.springframework.boot.autoconfigure.data.web.SpringDataWebAutoConfiguration, org.springframework.boot.autoconfigure.freemarker.FreeMarkerAutoConfiguration, org.springframework.boot.autoconfigure.groovy.template.GroovyTemplateAutoConfiguration, org.springframework.boot.autoconfigure.gson.GsonAutoConfiguration, org.springframework.boot.autoconfigure.hateoas.HypermediaAutoConfiguration, org.springframework.boot.autoconfigure.http.HttpMessageConvertersAutoConfiguration, org.springframework.boot.autoconfigure.jackson.JacksonAutoConfiguration, org.springframework.boot.autoconfigure.jsonb.JsonbAutoConfiguration, org.springframework.boot.autoconfigure.mustache.MustacheAutoConfiguration, org.springframework.boot.autoconfigure.task.TaskExecutionAutoConfiguration, org.springframework.boot.autoconfigure.thymeleaf.ThymeleafAutoConfiguration, org.springframework.boot.autoconfigure.validation.ValidationAutoConfiguration, org.springframework.boot.autoconfigure.web.servlet.error.ErrorMvcAutoConfiguration, org.springframework.boot.autoconfigure.web.servlet.WebMvcAutoConfiguration, org.springframework.boot.test.autoconfigure.web.servlet.MockMvcAutoConfiguration, org.springframework.boot.test.autoconfigure.web.servlet.MockMvcSecurityAutoConfiguration, org.springframework.boot.test.autoconfigure.web.servlet.MockMvcWebClientAutoConfiguration, org.springframework.boot.test.autoconfigure.web.servlet.MockMvcWebDriverAutoConfiguration]], org.springframework.boot.test.context.filter.ExcludeFilterContextCustomizer@6c96c2c1, org.springframework.boot.test.json.DuplicateJsonObjectContextCustomizerFactory$DuplicateJsonObjectContextCustomizer@1fa70910, org.springframework.boot.test.mock.mockito.MockitoContextCustomizer@0], resourceBasePath = 'src/main/webapp', contextLoader = 'org.springframework.boot.test.context.SpringBootContextLoader', parent = [null]], attributes = map[[empty]]]].
19:29:21.893 [Test worker] DEBUG org.springframework.test.context.support.TestPropertySourceUtils - Adding inlined properties to environment: {spring.jmx.enabled=false, org.springframework.boot.test.autoconfigure.web.servlet.WebMvcTestContextBootstrapper=true, server.port=-1}

  .   ____          _            __ _ _
 /\\ / ___'_ __ _ _(_)_ __  __ _ \ \ \ \
( ( )\___ | '_ | '_| | '_ \/ _` | \ \ \ \
 \\/  ___)| |_)| | | | | || (_| |  ) ) ) )
  '  |____| .__|_| |_|_| |_\__, | / / / /
 =========|_|==============|___/=/_/_/_/
 :: Spring Boot ::        (v2.1.9.RELEASE)

2020-09-01 19:29:22.333  INFO 14188 --- [    Test worker] c.s.e.study.web.HelloControllerTest      : Starting HelloControllerTest on DESKTOP-0F07UEC with PID 14188 (started by 82105 in C:\Users\82105\IdeaProjects\springboot-study1)
2020-09-01 19:29:22.334  INFO 14188 --- [    Test worker] c.s.e.study.web.HelloControllerTest      : The following profiles are active: oauth
2020-09-01 19:29:24.299  INFO 14188 --- [    Test worker] o.s.s.concurrent.ThreadPoolTaskExecutor  : Initializing ExecutorService 'applicationTaskExecutor'
2020-09-01 19:29:24.409  INFO 14188 --- [    Test worker] o.s.b.a.w.s.WelcomePageHandlerMapping    : Adding welcome page template: index
2020-09-01 19:29:24.997  INFO 14188 --- [    Test worker] .s.s.UserDetailsServiceAutoConfiguration : 

Using generated security password: 73884621-10eb-412c-afdb-2b7a0f556012

2020-09-01 19:29:25.293  INFO 14188 --- [    Test worker] o.s.s.web.DefaultSecurityFilterChain     : Creating filter chain: any request, [org.springframework.security.web.context.request.async.WebAsyncManagerIntegrationFilter@7f197f79, org.springframework.security.web.context.SecurityContextPersistenceFilter@30f96173, org.springframework.security.web.header.HeaderWriterFilter@23a8fbbc, org.springframework.security.web.csrf.CsrfFilter@9fe5ee9, org.springframework.security.web.authentication.logout.LogoutFilter@378513e6, org.springframework.security.web.authentication.UsernamePasswordAuthenticationFilter@4b984dba, org.springframework.security.web.authentication.ui.DefaultLoginPageGeneratingFilter@a072dd7, org.springframework.security.web.authentication.ui.DefaultLogoutPageGeneratingFilter@74bca415, org.springframework.security.web.authentication.www.BasicAuthenticationFilter@44d793ce, org.springframework.security.web.savedrequest.RequestCacheAwareFilter@5d3e1d8d, org.springframework.security.web.servletapi.SecurityContextHolderAwareRequestFilter@4328c481, org.springframework.security.web.authentication.AnonymousAuthenticationFilter@1cb2df3, org.springframework.security.web.session.SessionManagementFilter@54b45209, org.springframework.security.web.access.ExceptionTranslationFilter@489b72d0, org.springframework.security.web.access.intercept.FilterSecurityInterceptor@49db902f]
2020-09-01 19:29:25.373  INFO 14188 --- [    Test worker] o.s.b.t.m.w.SpringBootMockServletContext : Initializing Spring TestDispatcherServlet ''
2020-09-01 19:29:25.375  INFO 14188 --- [    Test worker] o.s.t.web.servlet.TestDispatcherServlet  : Initializing Servlet ''
2020-09-01 19:29:25.488  INFO 14188 --- [    Test worker] o.s.t.web.servlet.TestDispatcherServlet  : Completed initialization in 113 ms
2020-09-01 19:29:25.667  INFO 14188 --- [    Test worker] c.s.e.study.web.HelloControllerTest      : Started HelloControllerTest in 3.764 seconds (JVM running for 5.045)
]]></system-out>
  <system-err><![CDATA[]]></system-err>
</testsuite>
