<?xml version="1.0" encoding="UTF-8"?>
<testsuite name="com.springboot.example.study.web.IndexControllerTest" tests="1" skipped="0" failures="0" errors="0" timestamp="2020-09-02T10:44:38" hostname="DESKTOP-0F07UEC" time="0.223">
  <properties/>
  <testcase name="메인페이지_로딩" classname="com.springboot.example.study.web.IndexControllerTest" time="0.223"/>
  <system-out><![CDATA[2020-09-02 19:44:35.105  INFO 17988 --- [    Test worker] .b.t.c.SpringBootTestContextBootstrapper : Neither @ContextConfiguration nor @ContextHierarchy found for test class [com.springboot.example.study.web.IndexControllerTest], using SpringBootContextLoader
2020-09-02 19:44:35.106  INFO 17988 --- [    Test worker] o.s.t.c.support.AbstractContextLoader    : Could not detect default resource locations for test class [com.springboot.example.study.web.IndexControllerTest]: no resource found for suffixes {-context.xml, Context.groovy}.
2020-09-02 19:44:35.106  INFO 17988 --- [    Test worker] t.c.s.AnnotationConfigContextLoaderUtils : Could not detect default configuration classes for test class [com.springboot.example.study.web.IndexControllerTest]: IndexControllerTest does not declare any static, non-private, non-final, nested classes annotated with @Configuration.
2020-09-02 19:44:35.110  INFO 17988 --- [    Test worker] .b.t.c.SpringBootTestContextBootstrapper : Found @SpringBootConfiguration com.springboot.example.study.Application for test class com.springboot.example.study.web.IndexControllerTest
2020-09-02 19:44:35.116  INFO 17988 --- [    Test worker] .b.t.c.SpringBootTestContextBootstrapper : Loaded default TestExecutionListener class names from location [META-INF/spring.factories]: [org.springframework.security.test.context.support.WithSecurityContextTestExecutionListener, org.springframework.security.test.context.support.ReactorContextTestExecutionListener, org.springframework.boot.test.autoconfigure.restdocs.RestDocsTestExecutionListener, org.springframework.boot.test.autoconfigure.web.client.MockRestServiceServerResetTestExecutionListener, org.springframework.boot.test.autoconfigure.web.servlet.MockMvcPrintOnlyOnFailureTestExecutionListener, org.springframework.boot.test.autoconfigure.web.servlet.WebDriverTestExecutionListener, org.springframework.boot.test.mock.mockito.MockitoTestExecutionListener, org.springframework.boot.test.mock.mockito.ResetMocksTestExecutionListener, org.springframework.test.context.web.ServletTestExecutionListener, org.springframework.test.context.support.DirtiesContextBeforeModesTestExecutionListener, org.springframework.test.context.support.DependencyInjectionTestExecutionListener, org.springframework.test.context.support.DirtiesContextTestExecutionListener, org.springframework.test.context.transaction.TransactionalTestExecutionListener, org.springframework.test.context.jdbc.SqlScriptsTestExecutionListener]
2020-09-02 19:44:35.119  INFO 17988 --- [    Test worker] .b.t.c.SpringBootTestContextBootstrapper : Using TestExecutionListeners: [org.springframework.test.context.web.ServletTestExecutionListener@3cdf0782, org.springframework.test.context.support.DirtiesContextBeforeModesTestExecutionListener@4c6ffc79, org.springframework.boot.test.mock.mockito.MockitoTestExecutionListener@9a92436, org.springframework.boot.test.autoconfigure.SpringBootDependencyInjectionTestExecutionListener@6a1097bd, org.springframework.test.context.support.DirtiesContextTestExecutionListener@2eb77e6a, org.springframework.test.context.transaction.TransactionalTestExecutionListener@1d88d3f1, org.springframework.test.context.jdbc.SqlScriptsTestExecutionListener@5d40cce2, org.springframework.security.test.context.support.WithSecurityContextTestExecutionListener@33831588, org.springframework.security.test.context.support.ReactorContextTestExecutionListener@26d279bc, org.springframework.boot.test.autoconfigure.restdocs.RestDocsTestExecutionListener@7d9e31cc, org.springframework.boot.test.autoconfigure.web.client.MockRestServiceServerResetTestExecutionListener@26e2c541, org.springframework.boot.test.autoconfigure.web.servlet.MockMvcPrintOnlyOnFailureTestExecutionListener@de6bb40, org.springframework.boot.test.autoconfigure.web.servlet.WebDriverTestExecutionListener@384c3cd9, org.springframework.boot.test.mock.mockito.ResetMocksTestExecutionListener@34d06a4d]

  .   ____          _            __ _ _
 /\\ / ___'_ __ _ _(_)_ __  __ _ \ \ \ \
( ( )\___ | '_ | '_| | '_ \/ _` | \ \ \ \
 \\/  ___)| |_)| | | | | || (_| |  ) ) ) )
  '  |____| .__|_| |_|_| |_\__, | / / / /
 =========|_|==============|___/=/_/_/_/
 :: Spring Boot ::        (v2.1.9.RELEASE)

2020-09-02 19:44:35.259  INFO 17988 --- [    Test worker] c.s.e.study.web.IndexControllerTest      : Starting IndexControllerTest on DESKTOP-0F07UEC with PID 17988 (started by 82105 in C:\Users\82105\IdeaProjects\springboot-study1)
2020-09-02 19:44:35.260  INFO 17988 --- [    Test worker] c.s.e.study.web.IndexControllerTest      : The following profiles are active: oauth
2020-09-02 19:44:36.073  INFO 17988 --- [    Test worker] .s.d.r.c.RepositoryConfigurationDelegate : Bootstrapping Spring Data repositories in DEFAULT mode.
2020-09-02 19:44:36.118  INFO 17988 --- [    Test worker] .s.d.r.c.RepositoryConfigurationDelegate : Finished Spring Data repository scanning in 40ms. Found 2 repository interfaces.
2020-09-02 19:44:36.272  INFO 17988 --- [    Test worker] trationDelegate$BeanPostProcessorChecker : Bean 'org.springframework.transaction.annotation.ProxyTransactionManagementConfiguration' of type [org.springframework.transaction.annotation.ProxyTransactionManagementConfiguration$$EnhancerBySpringCGLIB$$7f6c395a] is not eligible for getting processed by all BeanPostProcessors (for example: not eligible for auto-proxying)
2020-09-02 19:44:36.665  INFO 17988 --- [    Test worker] o.s.b.w.embedded.tomcat.TomcatWebServer  : Tomcat initialized with port(s): 0 (http)
2020-09-02 19:44:36.734  INFO 17988 --- [    Test worker] o.apache.catalina.core.StandardService   : Starting service [Tomcat]
2020-09-02 19:44:36.735  INFO 17988 --- [    Test worker] org.apache.catalina.core.StandardEngine  : Starting Servlet engine: [Apache Tomcat/9.0.26]
2020-09-02 19:44:36.942  INFO 17988 --- [    Test worker] o.a.c.c.C.[Tomcat].[localhost].[/]       : Initializing Spring embedded WebApplicationContext
2020-09-02 19:44:36.945  INFO 17988 --- [    Test worker] o.s.web.context.ContextLoader            : Root WebApplicationContext: initialization completed in 1676 ms
2020-09-02 19:44:37.178  INFO 17988 --- [    Test worker] com.zaxxer.hikari.HikariDataSource       : HikariPool-2 - Starting...
2020-09-02 19:44:37.180  INFO 17988 --- [    Test worker] com.zaxxer.hikari.HikariDataSource       : HikariPool-2 - Start completed.
2020-09-02 19:44:37.224  INFO 17988 --- [    Test worker] o.hibernate.jpa.internal.util.LogHelper  : HHH000204: Processing PersistenceUnitInfo [
	name: default
	...]
2020-09-02 19:44:37.237  INFO 17988 --- [    Test worker] org.hibernate.dialect.Dialect            : HHH000400: Using dialect: org.hibernate.dialect.MySQL5InnoDBDialect
Hibernate: drop table if exists posts
Hibernate: drop table if exists user
Hibernate: create table posts (id bigint not null auto_increment, created_date datetime, modified_date datetime, author varchar(255), content TEXT not null, title varchar(500) not null, primary key (id)) engine=InnoDB
Hibernate: create table user (id bigint not null auto_increment, created_date datetime, modified_date datetime, email varchar(255) not null, name varchar(255) not null, picture varchar(255), role varchar(255) not null, primary key (id)) engine=InnoDB
2020-09-02 19:44:37.322  INFO 17988 --- [    Test worker] o.h.t.schema.internal.SchemaCreatorImpl  : HHH000476: Executing import script 'org.hibernate.tool.schema.internal.exec.ScriptSourceInputNonExistentImpl@1221e83f'
2020-09-02 19:44:37.322  INFO 17988 --- [    Test worker] j.LocalContainerEntityManagerFactoryBean : Initialized JPA EntityManagerFactory for persistence unit 'default'
2020-09-02 19:44:37.856  INFO 17988 --- [    Test worker] o.h.h.i.QueryTranslatorFactoryInitiator  : HHH000397: Using ASTQueryTranslatorFactory
2020-09-02 19:44:38.071  INFO 17988 --- [    Test worker] o.s.s.web.DefaultSecurityFilterChain     : Creating filter chain: any request, [org.springframework.security.web.context.request.async.WebAsyncManagerIntegrationFilter@5325105a, org.springframework.security.web.context.SecurityContextPersistenceFilter@64c774d0, org.springframework.security.web.header.HeaderWriterFilter@31b031e7, org.springframework.security.web.authentication.logout.LogoutFilter@7016ec77, org.springframework.security.oauth2.client.web.OAuth2AuthorizationRequestRedirectFilter@3b87ff25, org.springframework.security.oauth2.client.web.OAuth2LoginAuthenticationFilter@1d7bc1bd, org.springframework.security.web.authentication.ui.DefaultLoginPageGeneratingFilter@2fa87ca6, org.springframework.security.web.authentication.ui.DefaultLogoutPageGeneratingFilter@1804778c, org.springframework.security.web.savedrequest.RequestCacheAwareFilter@4e043852, org.springframework.security.web.servletapi.SecurityContextHolderAwareRequestFilter@7e0b177c, org.springframework.security.web.authentication.AnonymousAuthenticationFilter@1cfecd7e, org.springframework.security.web.session.SessionManagementFilter@4602ee1d, org.springframework.security.web.access.ExceptionTranslationFilter@fe4a1a3, org.springframework.security.web.access.intercept.FilterSecurityInterceptor@72973fa5]
2020-09-02 19:44:38.289  INFO 17988 --- [    Test worker] o.s.s.concurrent.ThreadPoolTaskExecutor  : Initializing ExecutorService 'applicationTaskExecutor'
2020-09-02 19:44:38.303  WARN 17988 --- [    Test worker] aWebConfiguration$JpaWebMvcConfiguration : spring.jpa.open-in-view is enabled by default. Therefore, database queries may be performed during view rendering. Explicitly configure spring.jpa.open-in-view to disable this warning
2020-09-02 19:44:38.338  INFO 17988 --- [    Test worker] o.s.b.a.w.s.WelcomePageHandlerMapping    : Adding welcome page template: index
2020-09-02 19:44:38.667  INFO 17988 --- [    Test worker] s.a.ScheduledAnnotationBeanPostProcessor : No TaskScheduler/ScheduledExecutorService bean found for scheduled processing
2020-09-02 19:44:38.687  INFO 17988 --- [    Test worker] o.s.b.w.embedded.tomcat.TomcatWebServer  : Tomcat started on port(s): 49499 (http) with context path ''
2020-09-02 19:44:38.688  INFO 17988 --- [    Test worker] c.s.e.study.web.IndexControllerTest      : Started IndexControllerTest in 3.566 seconds (JVM running for 18.926)
2020-09-02 19:44:38.785  INFO 17988 --- [o-auto-1-exec-1] o.a.c.c.C.[Tomcat].[localhost].[/]       : Initializing Spring DispatcherServlet 'dispatcherServlet'
2020-09-02 19:44:38.785  INFO 17988 --- [o-auto-1-exec-1] o.s.web.servlet.DispatcherServlet        : Initializing Servlet 'dispatcherServlet'
2020-09-02 19:44:38.810  INFO 17988 --- [o-auto-1-exec-1] o.s.web.servlet.DispatcherServlet        : Completed initialization in 25 ms
Hibernate: select posts0_.id as id1_0_, posts0_.created_date as created_2_0_, posts0_.modified_date as modified3_0_, posts0_.author as author4_0_, posts0_.content as content5_0_, posts0_.title as title6_0_ from posts posts0_ order by posts0_.id DESC
]]></system-out>
  <system-err><![CDATA[]]></system-err>
</testsuite>
