<?xml version="1.0" encoding="UTF-8"?>
<testsuite name="com.springboot.example.study.domain.posts.PostsRepositoryTest" tests="2" skipped="0" failures="0" errors="0" timestamp="2020-09-02T10:44:32" hostname="DESKTOP-0F07UEC" time="0.468">
  <properties/>
  <testcase name="게시글저장_불러오기" classname="com.springboot.example.study.domain.posts.PostsRepositoryTest" time="0.447"/>
  <testcase name="BaseTimeEntity_등록" classname="com.springboot.example.study.domain.posts.PostsRepositoryTest" time="0.02"/>
  <system-out><![CDATA[19:44:20.814 [Test worker] DEBUG org.springframework.test.context.junit4.SpringJUnit4ClassRunner - SpringJUnit4ClassRunner constructor called with [class com.springboot.example.study.domain.posts.PostsRepositoryTest]
19:44:20.841 [Test worker] DEBUG org.springframework.test.context.BootstrapUtils - Instantiating CacheAwareContextLoaderDelegate from class [org.springframework.test.context.cache.DefaultCacheAwareContextLoaderDelegate]
19:44:20.875 [Test worker] DEBUG org.springframework.test.context.BootstrapUtils - Instantiating BootstrapContext using constructor [public org.springframework.test.context.support.DefaultBootstrapContext(java.lang.Class,org.springframework.test.context.CacheAwareContextLoaderDelegate)]
19:44:20.904 [Test worker] DEBUG org.springframework.test.context.BootstrapUtils - Instantiating TestContextBootstrapper for test class [com.springboot.example.study.domain.posts.PostsRepositoryTest] from class [org.springframework.boot.test.context.SpringBootTestContextBootstrapper]
19:44:20.992 [Test worker] INFO org.springframework.boot.test.context.SpringBootTestContextBootstrapper - Neither @ContextConfiguration nor @ContextHierarchy found for test class [com.springboot.example.study.domain.posts.PostsRepositoryTest], using SpringBootContextLoader
19:44:20.997 [Test worker] DEBUG org.springframework.test.context.support.AbstractContextLoader - Did not detect default resource location for test class [com.springboot.example.study.domain.posts.PostsRepositoryTest]: class path resource [com/springboot/example/study/domain/posts/PostsRepositoryTest-context.xml] does not exist
19:44:20.997 [Test worker] DEBUG org.springframework.test.context.support.AbstractContextLoader - Did not detect default resource location for test class [com.springboot.example.study.domain.posts.PostsRepositoryTest]: class path resource [com/springboot/example/study/domain/posts/PostsRepositoryTestContext.groovy] does not exist
19:44:20.997 [Test worker] INFO org.springframework.test.context.support.AbstractContextLoader - Could not detect default resource locations for test class [com.springboot.example.study.domain.posts.PostsRepositoryTest]: no resource found for suffixes {-context.xml, Context.groovy}.
19:44:20.998 [Test worker] INFO org.springframework.test.context.support.AnnotationConfigContextLoaderUtils - Could not detect default configuration classes for test class [com.springboot.example.study.domain.posts.PostsRepositoryTest]: PostsRepositoryTest does not declare any static, non-private, non-final, nested classes annotated with @Configuration.
19:44:21.134 [Test worker] DEBUG org.springframework.test.context.support.ActiveProfilesUtils - Could not find an 'annotation declaring class' for annotation type [org.springframework.test.context.ActiveProfiles] and class [com.springboot.example.study.domain.posts.PostsRepositoryTest]
19:44:21.369 [Test worker] DEBUG org.springframework.context.annotation.ClassPathScanningCandidateComponentProvider - Identified candidate component class: file [C:\Users\82105\IdeaProjects\springboot-study1\build\classes\java\main\com\springboot\example\study\Application.class]
19:44:21.371 [Test worker] INFO org.springframework.boot.test.context.SpringBootTestContextBootstrapper - Found @SpringBootConfiguration com.springboot.example.study.Application for test class com.springboot.example.study.domain.posts.PostsRepositoryTest
19:44:21.534 [Test worker] DEBUG org.springframework.boot.test.context.SpringBootTestContextBootstrapper - @TestExecutionListeners is not present for class [com.springboot.example.study.domain.posts.PostsRepositoryTest]: using defaults.
19:44:21.535 [Test worker] INFO org.springframework.boot.test.context.SpringBootTestContextBootstrapper - Loaded default TestExecutionListener class names from location [META-INF/spring.factories]: [org.springframework.security.test.context.support.WithSecurityContextTestExecutionListener, org.springframework.security.test.context.support.ReactorContextTestExecutionListener, org.springframework.boot.test.autoconfigure.restdocs.RestDocsTestExecutionListener, org.springframework.boot.test.autoconfigure.web.client.MockRestServiceServerResetTestExecutionListener, org.springframework.boot.test.autoconfigure.web.servlet.MockMvcPrintOnlyOnFailureTestExecutionListener, org.springframework.boot.test.autoconfigure.web.servlet.WebDriverTestExecutionListener, org.springframework.boot.test.mock.mockito.MockitoTestExecutionListener, org.springframework.boot.test.mock.mockito.ResetMocksTestExecutionListener, org.springframework.test.context.web.ServletTestExecutionListener, org.springframework.test.context.support.DirtiesContextBeforeModesTestExecutionListener, org.springframework.test.context.support.DependencyInjectionTestExecutionListener, org.springframework.test.context.support.DirtiesContextTestExecutionListener, org.springframework.test.context.transaction.TransactionalTestExecutionListener, org.springframework.test.context.jdbc.SqlScriptsTestExecutionListener]
19:44:21.654 [Test worker] INFO org.springframework.boot.test.context.SpringBootTestContextBootstrapper - Using TestExecutionListeners: [org.springframework.test.context.web.ServletTestExecutionListener@73bce996, org.springframework.test.context.support.DirtiesContextBeforeModesTestExecutionListener@1812171b, org.springframework.boot.test.mock.mockito.MockitoTestExecutionListener@a70f95e, org.springframework.boot.test.autoconfigure.SpringBootDependencyInjectionTestExecutionListener@1d3dea52, org.springframework.test.context.support.DirtiesContextTestExecutionListener@9d9403a, org.springframework.test.context.transaction.TransactionalTestExecutionListener@1fb24d5, org.springframework.test.context.jdbc.SqlScriptsTestExecutionListener@ccc87bd, org.springframework.security.test.context.support.WithSecurityContextTestExecutionListener@7e51930c, org.springframework.security.test.context.support.ReactorContextTestExecutionListener@3d4ac46c, org.springframework.boot.test.autoconfigure.restdocs.RestDocsTestExecutionListener@65cf929c, org.springframework.boot.test.autoconfigure.web.client.MockRestServiceServerResetTestExecutionListener@d5600f7, org.springframework.boot.test.autoconfigure.web.servlet.MockMvcPrintOnlyOnFailureTestExecutionListener@7fed3ba2, org.springframework.boot.test.autoconfigure.web.servlet.WebDriverTestExecutionListener@14eff997, org.springframework.boot.test.mock.mockito.ResetMocksTestExecutionListener@dadd2e4]
19:44:21.658 [Test worker] DEBUG org.springframework.test.annotation.ProfileValueUtils - Retrieved @ProfileValueSourceConfiguration [null] for test class [com.springboot.example.study.domain.posts.PostsRepositoryTest]
19:44:21.659 [Test worker] DEBUG org.springframework.test.annotation.ProfileValueUtils - Retrieved ProfileValueSource type [class org.springframework.test.annotation.SystemProfileValueSource] for class [com.springboot.example.study.domain.posts.PostsRepositoryTest]
19:44:21.661 [Test worker] DEBUG org.springframework.test.annotation.ProfileValueUtils - Retrieved @ProfileValueSourceConfiguration [null] for test class [com.springboot.example.study.domain.posts.PostsRepositoryTest]
19:44:21.661 [Test worker] DEBUG org.springframework.test.annotation.ProfileValueUtils - Retrieved ProfileValueSource type [class org.springframework.test.annotation.SystemProfileValueSource] for class [com.springboot.example.study.domain.posts.PostsRepositoryTest]
19:44:21.667 [Test worker] DEBUG org.springframework.test.context.support.AbstractDirtiesContextTestExecutionListener - Before test class: context [DefaultTestContext@a644ba1 testClass = PostsRepositoryTest, testInstance = [null], testMethod = [null], testException = [null], mergedContextConfiguration = [WebMergedContextConfiguration@ecd540b testClass = PostsRepositoryTest, locations = '{}', classes = '{class com.springboot.example.study.Application}', contextInitializerClasses = '[]', activeProfiles = '{}', propertySourceLocations = '{}', propertySourceProperties = '{org.springframework.boot.test.context.SpringBootTestContextBootstrapper=true}', contextCustomizers = set[org.springframework.boot.test.autoconfigure.properties.PropertyMappingContextCustomizer@0, org.springframework.boot.test.autoconfigure.web.servlet.WebDriverContextCustomizerFactory$Customizer@1680e2b2, org.springframework.boot.test.context.filter.ExcludeFilterContextCustomizer@5fff0b2c, org.springframework.boot.test.json.DuplicateJsonObjectContextCustomizerFactory$DuplicateJsonObjectContextCustomizer@443b710b, org.springframework.boot.test.mock.mockito.MockitoContextCustomizer@0, org.springframework.boot.test.web.client.TestRestTemplateContextCustomizer@766f04d5], resourceBasePath = 'src/main/webapp', contextLoader = 'org.springframework.boot.test.context.SpringBootContextLoader', parent = [null]], attributes = map['org.springframework.test.context.web.ServletTestExecutionListener.activateListener' -> true]], class annotated with @DirtiesContext [false] with mode [null].
19:44:21.668 [Test worker] DEBUG org.springframework.test.annotation.ProfileValueUtils - Retrieved @ProfileValueSourceConfiguration [null] for test class [com.springboot.example.study.domain.posts.PostsRepositoryTest]
19:44:21.668 [Test worker] DEBUG org.springframework.test.annotation.ProfileValueUtils - Retrieved ProfileValueSource type [class org.springframework.test.annotation.SystemProfileValueSource] for class [com.springboot.example.study.domain.posts.PostsRepositoryTest]
19:44:21.730 [Test worker] DEBUG org.springframework.test.context.support.TestPropertySourceUtils - Adding inlined properties to environment: {spring.jmx.enabled=false, org.springframework.boot.test.context.SpringBootTestContextBootstrapper=true, server.port=-1}

  .   ____          _            __ _ _
 /\\ / ___'_ __ _ _(_)_ __  __ _ \ \ \ \
( ( )\___ | '_ | '_| | '_ \/ _` | \ \ \ \
 \\/  ___)| |_)| | | | | || (_| |  ) ) ) )
  '  |____| .__|_| |_|_| |_\__, | / / / /
 =========|_|==============|___/=/_/_/_/
 :: Spring Boot ::        (v2.1.9.RELEASE)

2020-09-02 19:44:22.712  INFO 17988 --- [    Test worker] c.s.e.s.d.posts.PostsRepositoryTest      : Starting PostsRepositoryTest on DESKTOP-0F07UEC with PID 17988 (started by 82105 in C:\Users\82105\IdeaProjects\springboot-study1)
2020-09-02 19:44:22.713  INFO 17988 --- [    Test worker] c.s.e.s.d.posts.PostsRepositoryTest      : The following profiles are active: oauth
2020-09-02 19:44:24.740  INFO 17988 --- [    Test worker] .s.d.r.c.RepositoryConfigurationDelegate : Bootstrapping Spring Data repositories in DEFAULT mode.
2020-09-02 19:44:24.888  INFO 17988 --- [    Test worker] .s.d.r.c.RepositoryConfigurationDelegate : Finished Spring Data repository scanning in 134ms. Found 2 repository interfaces.
2020-09-02 19:44:25.511  INFO 17988 --- [    Test worker] trationDelegate$BeanPostProcessorChecker : Bean 'org.springframework.transaction.annotation.ProxyTransactionManagementConfiguration' of type [org.springframework.transaction.annotation.ProxyTransactionManagementConfiguration$$EnhancerBySpringCGLIB$$7f6c395a] is not eligible for getting processed by all BeanPostProcessors (for example: not eligible for auto-proxying)
2020-09-02 19:44:25.940  INFO 17988 --- [    Test worker] com.zaxxer.hikari.HikariDataSource       : HikariPool-1 - Starting...
2020-09-02 19:44:26.378  INFO 17988 --- [    Test worker] com.zaxxer.hikari.HikariDataSource       : HikariPool-1 - Start completed.
2020-09-02 19:44:26.530  INFO 17988 --- [    Test worker] o.hibernate.jpa.internal.util.LogHelper  : HHH000204: Processing PersistenceUnitInfo [
	name: default
	...]
2020-09-02 19:44:26.681  INFO 17988 --- [    Test worker] org.hibernate.Version                    : HHH000412: Hibernate Core {5.3.12.Final}
2020-09-02 19:44:26.683  INFO 17988 --- [    Test worker] org.hibernate.cfg.Environment            : HHH000206: hibernate.properties not found
2020-09-02 19:44:26.969  INFO 17988 --- [    Test worker] o.hibernate.annotations.common.Version   : HCANN000001: Hibernate Commons Annotations {5.0.4.Final}
2020-09-02 19:44:27.308  INFO 17988 --- [    Test worker] org.hibernate.dialect.Dialect            : HHH000400: Using dialect: org.hibernate.dialect.MySQL5InnoDBDialect
Hibernate: drop table if exists posts
Hibernate: drop table if exists user
Hibernate: create table posts (id bigint not null auto_increment, created_date datetime, modified_date datetime, author varchar(255), content TEXT not null, title varchar(500) not null, primary key (id)) engine=InnoDB
Hibernate: create table user (id bigint not null auto_increment, created_date datetime, modified_date datetime, email varchar(255) not null, name varchar(255) not null, picture varchar(255), role varchar(255) not null, primary key (id)) engine=InnoDB
2020-09-02 19:44:28.590  INFO 17988 --- [    Test worker] o.h.t.schema.internal.SchemaCreatorImpl  : HHH000476: Executing import script 'org.hibernate.tool.schema.internal.exec.ScriptSourceInputNonExistentImpl@1221e83f'
2020-09-02 19:44:28.594  INFO 17988 --- [    Test worker] j.LocalContainerEntityManagerFactoryBean : Initialized JPA EntityManagerFactory for persistence unit 'default'
2020-09-02 19:44:29.790  INFO 17988 --- [    Test worker] o.h.h.i.QueryTranslatorFactoryInitiator  : HHH000397: Using ASTQueryTranslatorFactory
2020-09-02 19:44:30.782  INFO 17988 --- [    Test worker] o.s.s.web.DefaultSecurityFilterChain     : Creating filter chain: any request, [org.springframework.security.web.context.request.async.WebAsyncManagerIntegrationFilter@224077eb, org.springframework.security.web.context.SecurityContextPersistenceFilter@c0ed2e3, org.springframework.security.web.header.HeaderWriterFilter@63e6f303, org.springframework.security.web.authentication.logout.LogoutFilter@2a95f385, org.springframework.security.oauth2.client.web.OAuth2AuthorizationRequestRedirectFilter@3c206d06, org.springframework.security.oauth2.client.web.OAuth2LoginAuthenticationFilter@3e8ce425, org.springframework.security.web.authentication.ui.DefaultLoginPageGeneratingFilter@64118e04, org.springframework.security.web.authentication.ui.DefaultLogoutPageGeneratingFilter@1363cc2f, org.springframework.security.web.savedrequest.RequestCacheAwareFilter@43ad8b9e, org.springframework.security.web.servletapi.SecurityContextHolderAwareRequestFilter@78c62417, org.springframework.security.web.authentication.AnonymousAuthenticationFilter@4493b59c, org.springframework.security.web.session.SessionManagementFilter@38d3f4dd, org.springframework.security.web.access.ExceptionTranslationFilter@489eaa74, org.springframework.security.web.access.intercept.FilterSecurityInterceptor@4850e83b]
2020-09-02 19:44:31.500  INFO 17988 --- [    Test worker] o.s.s.concurrent.ThreadPoolTaskExecutor  : Initializing ExecutorService 'applicationTaskExecutor'
2020-09-02 19:44:31.623  WARN 17988 --- [    Test worker] aWebConfiguration$JpaWebMvcConfiguration : spring.jpa.open-in-view is enabled by default. Therefore, database queries may be performed during view rendering. Explicitly configure spring.jpa.open-in-view to disable this warning
2020-09-02 19:44:31.681  INFO 17988 --- [    Test worker] o.s.b.a.w.s.WelcomePageHandlerMapping    : Adding welcome page template: index
2020-09-02 19:44:32.511  INFO 17988 --- [    Test worker] s.a.ScheduledAnnotationBeanPostProcessor : No TaskScheduler/ScheduledExecutorService bean found for scheduled processing
2020-09-02 19:44:32.523  INFO 17988 --- [    Test worker] c.s.e.s.d.posts.PostsRepositoryTest      : Started PostsRepositoryTest in 10.781 seconds (JVM running for 12.762)
Hibernate: insert into posts (created_date, modified_date, author, content, title) values (?, ?, ?, ?, ?)
Hibernate: select posts0_.id as id1_0_, posts0_.created_date as created_2_0_, posts0_.modified_date as modified3_0_, posts0_.author as author4_0_, posts0_.content as content5_0_, posts0_.title as title6_0_ from posts posts0_
Hibernate: select posts0_.id as id1_0_, posts0_.created_date as created_2_0_, posts0_.modified_date as modified3_0_, posts0_.author as author4_0_, posts0_.content as content5_0_, posts0_.title as title6_0_ from posts posts0_
Hibernate: delete from posts where id=?
Hibernate: insert into posts (created_date, modified_date, author, content, title) values (?, ?, ?, ?, ?)
Hibernate: select posts0_.id as id1_0_, posts0_.created_date as created_2_0_, posts0_.modified_date as modified3_0_, posts0_.author as author4_0_, posts0_.content as content5_0_, posts0_.title as title6_0_ from posts posts0_
>>>>>>>>> createDate=2020-09-02T19:44:33.035, modifiedDate=2020-09-02T19:44:33.035
Hibernate: select posts0_.id as id1_0_, posts0_.created_date as created_2_0_, posts0_.modified_date as modified3_0_, posts0_.author as author4_0_, posts0_.content as content5_0_, posts0_.title as title6_0_ from posts posts0_
Hibernate: delete from posts where id=?
]]></system-out>
  <system-err><![CDATA[]]></system-err>
</testsuite>
