<?xml version="1.0" encoding="UTF-8"?>
<testsuite name="com.springboot.example.study.web.HelloControllerTest" tests="2" skipped="0" failures="0" errors="0" timestamp="2020-09-02T10:44:34" hostname="DESKTOP-0F07UEC" time="0.516">
  <properties/>
  <testcase name="hello가_리턴된다" classname="com.springboot.example.study.web.HelloControllerTest" time="0.131"/>
  <testcase name="helloDto가_리턴된다" classname="com.springboot.example.study.web.HelloControllerTest" time="0.382"/>
  <system-out><![CDATA[2020-09-02 19:44:33.095  INFO 17988 --- [    Test worker] .b.t.a.w.s.WebMvcTestContextBootstrapper : Neither @ContextConfiguration nor @ContextHierarchy found for test class [com.springboot.example.study.web.HelloControllerTest], using SpringBootContextLoader
2020-09-02 19:44:33.097  INFO 17988 --- [    Test worker] o.s.t.c.support.AbstractContextLoader    : Could not detect default resource locations for test class [com.springboot.example.study.web.HelloControllerTest]: no resource found for suffixes {-context.xml, Context.groovy}.
2020-09-02 19:44:33.100  INFO 17988 --- [    Test worker] t.c.s.AnnotationConfigContextLoaderUtils : Could not detect default configuration classes for test class [com.springboot.example.study.web.HelloControllerTest]: HelloControllerTest does not declare any static, non-private, non-final, nested classes annotated with @Configuration.
2020-09-02 19:44:33.156  INFO 17988 --- [    Test worker] .b.t.c.SpringBootTestContextBootstrapper : Found @SpringBootConfiguration com.springboot.example.study.Application for test class com.springboot.example.study.web.HelloControllerTest
2020-09-02 19:44:33.158  INFO 17988 --- [    Test worker] .b.t.a.w.s.WebMvcTestContextBootstrapper : Loaded default TestExecutionListener class names from location [META-INF/spring.factories]: [org.springframework.security.test.context.support.WithSecurityContextTestExecutionListener, org.springframework.security.test.context.support.ReactorContextTestExecutionListener, org.springframework.boot.test.autoconfigure.restdocs.RestDocsTestExecutionListener, org.springframework.boot.test.autoconfigure.web.client.MockRestServiceServerResetTestExecutionListener, org.springframework.boot.test.autoconfigure.web.servlet.MockMvcPrintOnlyOnFailureTestExecutionListener, org.springframework.boot.test.autoconfigure.web.servlet.WebDriverTestExecutionListener, org.springframework.boot.test.mock.mockito.MockitoTestExecutionListener, org.springframework.boot.test.mock.mockito.ResetMocksTestExecutionListener, org.springframework.test.context.web.ServletTestExecutionListener, org.springframework.test.context.support.DirtiesContextBeforeModesTestExecutionListener, org.springframework.test.context.support.DependencyInjectionTestExecutionListener, org.springframework.test.context.support.DirtiesContextTestExecutionListener, org.springframework.test.context.transaction.TransactionalTestExecutionListener, org.springframework.test.context.jdbc.SqlScriptsTestExecutionListener]
2020-09-02 19:44:33.162  INFO 17988 --- [    Test worker] .b.t.a.w.s.WebMvcTestContextBootstrapper : Using TestExecutionListeners: [org.springframework.test.context.web.ServletTestExecutionListener@64ea801, org.springframework.test.context.support.DirtiesContextBeforeModesTestExecutionListener@1a474d75, org.springframework.boot.test.mock.mockito.MockitoTestExecutionListener@43e0ff43, org.springframework.boot.test.autoconfigure.SpringBootDependencyInjectionTestExecutionListener@35bae5d6, org.springframework.test.context.support.DirtiesContextTestExecutionListener@46474dc0, org.springframework.test.context.transaction.TransactionalTestExecutionListener@66cb9c98, org.springframework.test.context.jdbc.SqlScriptsTestExecutionListener@22156de5, org.springframework.security.test.context.support.WithSecurityContextTestExecutionListener@4063b824, org.springframework.security.test.context.support.ReactorContextTestExecutionListener@3cb6d4a5, org.springframework.boot.test.autoconfigure.restdocs.RestDocsTestExecutionListener@6a3b0f7, org.springframework.boot.test.autoconfigure.web.client.MockRestServiceServerResetTestExecutionListener@fd09f83, org.springframework.boot.test.autoconfigure.web.servlet.MockMvcPrintOnlyOnFailureTestExecutionListener@522fb4c5, org.springframework.boot.test.autoconfigure.web.servlet.WebDriverTestExecutionListener@583641d9, org.springframework.boot.test.mock.mockito.ResetMocksTestExecutionListener@43897620]

  .   ____          _            __ _ _
 /\\ / ___'_ __ _ _(_)_ __  __ _ \ \ \ \
( ( )\___ | '_ | '_| | '_ \/ _` | \ \ \ \
 \\/  ___)| |_)| | | | | || (_| |  ) ) ) )
  '  |____| .__|_| |_|_| |_\__, | / / / /
 =========|_|==============|___/=/_/_/_/
 :: Spring Boot ::        (v2.1.9.RELEASE)

2020-09-02 19:44:33.248  INFO 17988 --- [    Test worker] c.s.e.study.web.HelloControllerTest      : Starting HelloControllerTest on DESKTOP-0F07UEC with PID 17988 (started by 82105 in C:\Users\82105\IdeaProjects\springboot-study1)
2020-09-02 19:44:33.250  INFO 17988 --- [    Test worker] c.s.e.study.web.HelloControllerTest      : The following profiles are active: oauth
2020-09-02 19:44:33.783  INFO 17988 --- [    Test worker] o.s.s.concurrent.ThreadPoolTaskExecutor  : Initializing ExecutorService 'applicationTaskExecutor'
2020-09-02 19:44:33.825  INFO 17988 --- [    Test worker] o.s.b.a.w.s.WelcomePageHandlerMapping    : Adding welcome page template: index
2020-09-02 19:44:34.208  INFO 17988 --- [    Test worker] .s.s.UserDetailsServiceAutoConfiguration : 

Using generated security password: 8f268373-2914-4d5c-b491-3e460f6d232d

2020-09-02 19:44:34.412  INFO 17988 --- [    Test worker] o.s.s.web.DefaultSecurityFilterChain     : Creating filter chain: any request, [org.springframework.security.web.context.request.async.WebAsyncManagerIntegrationFilter@48b266f6, org.springframework.security.web.context.SecurityContextPersistenceFilter@4cb7f7f2, org.springframework.security.web.header.HeaderWriterFilter@19fe209a, org.springframework.security.web.csrf.CsrfFilter@56a561e7, org.springframework.security.web.authentication.logout.LogoutFilter@6bdf5b00, org.springframework.security.web.authentication.UsernamePasswordAuthenticationFilter@73b55c9c, org.springframework.security.web.authentication.ui.DefaultLoginPageGeneratingFilter@60bfb715, org.springframework.security.web.authentication.ui.DefaultLogoutPageGeneratingFilter@222b2fcb, org.springframework.security.web.authentication.www.BasicAuthenticationFilter@48679c95, org.springframework.security.web.savedrequest.RequestCacheAwareFilter@222e816e, org.springframework.security.web.servletapi.SecurityContextHolderAwareRequestFilter@4a3c9f41, org.springframework.security.web.authentication.AnonymousAuthenticationFilter@56dc9c2f, org.springframework.security.web.session.SessionManagementFilter@64a9d01b, org.springframework.security.web.access.ExceptionTranslationFilter@56b71802, org.springframework.security.web.access.intercept.FilterSecurityInterceptor@2f5f39c0]
2020-09-02 19:44:34.474  INFO 17988 --- [    Test worker] o.s.b.t.m.w.SpringBootMockServletContext : Initializing Spring TestDispatcherServlet ''
2020-09-02 19:44:34.474  INFO 17988 --- [    Test worker] o.s.t.web.servlet.TestDispatcherServlet  : Initializing Servlet ''
2020-09-02 19:44:34.490  INFO 17988 --- [    Test worker] o.s.t.web.servlet.TestDispatcherServlet  : Completed initialization in 15 ms
2020-09-02 19:44:34.571  INFO 17988 --- [    Test worker] c.s.e.study.web.HelloControllerTest      : Started HelloControllerTest in 1.404 seconds (JVM running for 14.81)
]]></system-out>
  <system-err><![CDATA[]]></system-err>
</testsuite>
