<?xml version="1.0" encoding="UTF-8"?>
<testsuite name="com.springboot.example.study.web.IndexControllerTest" tests="1" skipped="0" failures="0" errors="0" timestamp="2020-09-02T11:54:37" hostname="DESKTOP-0F07UEC" time="0.247">
  <properties/>
  <testcase name="main_loading" classname="com.springboot.example.study.web.IndexControllerTest" time="0.247"/>
  <system-out><![CDATA[2020-09-02 20:54:33.385  INFO 7852 --- [    Test worker] .b.t.c.SpringBootTestContextBootstrapper : Neither @ContextConfiguration nor @ContextHierarchy found for test class [com.springboot.example.study.web.IndexControllerTest], using SpringBootContextLoader
2020-09-02 20:54:33.386  INFO 7852 --- [    Test worker] o.s.t.c.support.AbstractContextLoader    : Could not detect default resource locations for test class [com.springboot.example.study.web.IndexControllerTest]: no resource found for suffixes {-context.xml, Context.groovy}.
2020-09-02 20:54:33.387  INFO 7852 --- [    Test worker] t.c.s.AnnotationConfigContextLoaderUtils : Could not detect default configuration classes for test class [com.springboot.example.study.web.IndexControllerTest]: IndexControllerTest does not declare any static, non-private, non-final, nested classes annotated with @Configuration.
2020-09-02 20:54:33.393  INFO 7852 --- [    Test worker] .b.t.c.SpringBootTestContextBootstrapper : Found @SpringBootConfiguration com.springboot.example.study.Application for test class com.springboot.example.study.web.IndexControllerTest
2020-09-02 20:54:33.395  INFO 7852 --- [    Test worker] .b.t.c.SpringBootTestContextBootstrapper : Loaded default TestExecutionListener class names from location [META-INF/spring.factories]: [org.springframework.security.test.context.support.WithSecurityContextTestExecutionListener, org.springframework.security.test.context.support.ReactorContextTestExecutionListener, org.springframework.boot.test.autoconfigure.restdocs.RestDocsTestExecutionListener, org.springframework.boot.test.autoconfigure.web.client.MockRestServiceServerResetTestExecutionListener, org.springframework.boot.test.autoconfigure.web.servlet.MockMvcPrintOnlyOnFailureTestExecutionListener, org.springframework.boot.test.autoconfigure.web.servlet.WebDriverTestExecutionListener, org.springframework.boot.test.mock.mockito.MockitoTestExecutionListener, org.springframework.boot.test.mock.mockito.ResetMocksTestExecutionListener, org.springframework.test.context.web.ServletTestExecutionListener, org.springframework.test.context.support.DirtiesContextBeforeModesTestExecutionListener, org.springframework.test.context.support.DependencyInjectionTestExecutionListener, org.springframework.test.context.support.DirtiesContextTestExecutionListener, org.springframework.test.context.transaction.TransactionalTestExecutionListener, org.springframework.test.context.jdbc.SqlScriptsTestExecutionListener]
2020-09-02 20:54:33.397  INFO 7852 --- [    Test worker] .b.t.c.SpringBootTestContextBootstrapper : Using TestExecutionListeners: [org.springframework.test.context.web.ServletTestExecutionListener@3026fdc7, org.springframework.test.context.support.DirtiesContextBeforeModesTestExecutionListener@6bf473e3, org.springframework.boot.test.mock.mockito.MockitoTestExecutionListener@54e4d96f, org.springframework.boot.test.autoconfigure.SpringBootDependencyInjectionTestExecutionListener@48d784bb, org.springframework.test.context.support.DirtiesContextTestExecutionListener@4f9890a3, org.springframework.test.context.transaction.TransactionalTestExecutionListener@7bb99d8, org.springframework.test.context.jdbc.SqlScriptsTestExecutionListener@75e617e1, org.springframework.security.test.context.support.WithSecurityContextTestExecutionListener@160b7ba, org.springframework.security.test.context.support.ReactorContextTestExecutionListener@af622bd, org.springframework.boot.test.autoconfigure.restdocs.RestDocsTestExecutionListener@51581f62, org.springframework.boot.test.autoconfigure.web.client.MockRestServiceServerResetTestExecutionListener@144453b7, org.springframework.boot.test.autoconfigure.web.servlet.MockMvcPrintOnlyOnFailureTestExecutionListener@109debe2, org.springframework.boot.test.autoconfigure.web.servlet.WebDriverTestExecutionListener@2b45c086, org.springframework.boot.test.mock.mockito.ResetMocksTestExecutionListener@3a776983]

  .   ____          _            __ _ _
 /\\ / ___'_ __ _ _(_)_ __  __ _ \ \ \ \
( ( )\___ | '_ | '_| | '_ \/ _` | \ \ \ \
 \\/  ___)| |_)| | | | | || (_| |  ) ) ) )
  '  |____| .__|_| |_|_| |_\__, | / / / /
 =========|_|==============|___/=/_/_/_/
 :: Spring Boot ::        (v2.1.7.RELEASE)

2020-09-02 20:54:33.661  INFO 7852 --- [    Test worker] c.s.e.study.web.IndexControllerTest      : Starting IndexControllerTest on DESKTOP-0F07UEC with PID 7852 (started by 82105 in C:\Users\82105\IdeaProjects\springboot-study1)
2020-09-02 20:54:33.663  INFO 7852 --- [    Test worker] c.s.e.study.web.IndexControllerTest      : The following profiles are active: oauth
2020-09-02 20:54:34.302  INFO 7852 --- [    Test worker] .s.d.r.c.RepositoryConfigurationDelegate : Bootstrapping Spring Data repositories in DEFAULT mode.
2020-09-02 20:54:34.361  INFO 7852 --- [    Test worker] .s.d.r.c.RepositoryConfigurationDelegate : Finished Spring Data repository scanning in 58ms. Found 2 repository interfaces.
2020-09-02 20:54:34.569  INFO 7852 --- [    Test worker] trationDelegate$BeanPostProcessorChecker : Bean 'org.springframework.transaction.annotation.ProxyTransactionManagementConfiguration' of type [org.springframework.transaction.annotation.ProxyTransactionManagementConfiguration$$EnhancerBySpringCGLIB$$4394d1cd] is not eligible for getting processed by all BeanPostProcessors (for example: not eligible for auto-proxying)
2020-09-02 20:54:35.012  INFO 7852 --- [    Test worker] o.s.b.w.embedded.tomcat.TomcatWebServer  : Tomcat initialized with port(s): 0 (http)
2020-09-02 20:54:35.054  INFO 7852 --- [    Test worker] o.apache.catalina.core.StandardService   : Starting service [Tomcat]
2020-09-02 20:54:35.056  INFO 7852 --- [    Test worker] org.apache.catalina.core.StandardEngine  : Starting Servlet engine: [Apache Tomcat/9.0.22]
2020-09-02 20:54:35.357  INFO 7852 --- [    Test worker] o.a.c.c.C.[Tomcat].[localhost].[/]       : Initializing Spring embedded WebApplicationContext
2020-09-02 20:54:35.358  INFO 7852 --- [    Test worker] o.s.web.context.ContextLoader            : Root WebApplicationContext: initialization completed in 1681 ms
2020-09-02 20:54:35.574  INFO 7852 --- [    Test worker] com.zaxxer.hikari.HikariDataSource       : HikariPool-2 - Starting...
2020-09-02 20:54:35.575  INFO 7852 --- [    Test worker] com.zaxxer.hikari.HikariDataSource       : HikariPool-2 - Start completed.
2020-09-02 20:54:35.643  INFO 7852 --- [    Test worker] o.hibernate.jpa.internal.util.LogHelper  : HHH000204: Processing PersistenceUnitInfo [
	name: default
	...]
2020-09-02 20:54:35.655  INFO 7852 --- [    Test worker] org.hibernate.dialect.Dialect            : HHH000400: Using dialect: org.hibernate.dialect.MySQL5InnoDBDialect
Hibernate: drop table if exists posts
Hibernate: drop table if exists user
Hibernate: create table posts (id bigint not null auto_increment, created_date datetime, modified_date datetime, author varchar(255), content TEXT not null, title varchar(500) not null, primary key (id)) engine=InnoDB
Hibernate: create table user (id bigint not null auto_increment, created_date datetime, modified_date datetime, email varchar(255) not null, name varchar(255) not null, picture varchar(255), role varchar(255) not null, primary key (id)) engine=InnoDB
2020-09-02 20:54:35.719  INFO 7852 --- [    Test worker] o.h.t.schema.internal.SchemaCreatorImpl  : HHH000476: Executing import script 'org.hibernate.tool.schema.internal.exec.ScriptSourceInputNonExistentImpl@50def677'
2020-09-02 20:54:35.719  INFO 7852 --- [    Test worker] j.LocalContainerEntityManagerFactoryBean : Initialized JPA EntityManagerFactory for persistence unit 'default'
2020-09-02 20:54:36.161  INFO 7852 --- [    Test worker] o.h.h.i.QueryTranslatorFactoryInitiator  : HHH000397: Using ASTQueryTranslatorFactory
2020-09-02 20:54:36.372  INFO 7852 --- [    Test worker] o.s.s.web.DefaultSecurityFilterChain     : Creating filter chain: any request, [org.springframework.security.web.context.request.async.WebAsyncManagerIntegrationFilter@6174efec, org.springframework.security.web.context.SecurityContextPersistenceFilter@35d02523, org.springframework.security.web.header.HeaderWriterFilter@57789e90, org.springframework.security.web.authentication.logout.LogoutFilter@52d5bb1b, org.springframework.security.oauth2.client.web.OAuth2AuthorizationRequestRedirectFilter@21fce9ea, org.springframework.security.oauth2.client.web.OAuth2LoginAuthenticationFilter@46643323, org.springframework.security.web.authentication.ui.DefaultLoginPageGeneratingFilter@661873c6, org.springframework.security.web.authentication.ui.DefaultLogoutPageGeneratingFilter@65bf380e, org.springframework.security.web.savedrequest.RequestCacheAwareFilter@22f510c3, org.springframework.security.web.servletapi.SecurityContextHolderAwareRequestFilter@31ea9613, org.springframework.security.web.authentication.AnonymousAuthenticationFilter@234a3eea, org.springframework.security.web.session.SessionManagementFilter@561036ae, org.springframework.security.web.access.ExceptionTranslationFilter@5578494b, org.springframework.security.web.access.intercept.FilterSecurityInterceptor@4a69d4d8]
2020-09-02 20:54:36.592  INFO 7852 --- [    Test worker] o.s.s.concurrent.ThreadPoolTaskExecutor  : Initializing ExecutorService 'applicationTaskExecutor'
2020-09-02 20:54:36.614  WARN 7852 --- [    Test worker] aWebConfiguration$JpaWebMvcConfiguration : spring.jpa.open-in-view is enabled by default. Therefore, database queries may be performed during view rendering. Explicitly configure spring.jpa.open-in-view to disable this warning
2020-09-02 20:54:36.647  INFO 7852 --- [    Test worker] o.s.b.a.w.s.WelcomePageHandlerMapping    : Adding welcome page template: index
2020-09-02 20:54:37.075  INFO 7852 --- [    Test worker] s.a.ScheduledAnnotationBeanPostProcessor : No TaskScheduler/ScheduledExecutorService bean found for scheduled processing
2020-09-02 20:54:37.112  INFO 7852 --- [    Test worker] o.s.b.w.embedded.tomcat.TomcatWebServer  : Tomcat started on port(s): 51562 (http) with context path ''
2020-09-02 20:54:37.113  INFO 7852 --- [    Test worker] c.s.e.study.web.IndexControllerTest      : Started IndexControllerTest in 3.714 seconds (JVM running for 18.393)
2020-09-02 20:54:37.236  INFO 7852 --- [o-auto-1-exec-1] o.a.c.c.C.[Tomcat].[localhost].[/]       : Initializing Spring DispatcherServlet 'dispatcherServlet'
2020-09-02 20:54:37.236  INFO 7852 --- [o-auto-1-exec-1] o.s.web.servlet.DispatcherServlet        : Initializing Servlet 'dispatcherServlet'
2020-09-02 20:54:37.261  INFO 7852 --- [o-auto-1-exec-1] o.s.web.servlet.DispatcherServlet        : Completed initialization in 25 ms
Hibernate: select posts0_.id as id1_0_, posts0_.created_date as created_2_0_, posts0_.modified_date as modified3_0_, posts0_.author as author4_0_, posts0_.content as content5_0_, posts0_.title as title6_0_ from posts posts0_ order by posts0_.id DESC
]]></system-out>
  <system-err><![CDATA[]]></system-err>
</testsuite>
